<?xml version="1.0" encoding="UTF-8"?>
<!-- Generated by org.testng.reporters.JUnitReportReporter -->
<testsuite skipped="0" hostname="0000ANKITk2142D" name="com.payasia.leave.qa.testcases.UserApplyLeave" tests="1" failures="0" timestamp="15 Oct 2018 05:08:32 GMT" time="0.003" errors="0">
  <testcase name="test" time="0.003" classname="com.payasia.leave.qa.testcases.UserApplyLeave"/>
</testsuite> <!-- com.payasia.leave.qa.testcases.UserApplyLeave -->
